<?xml version="1.0" encoding="UTF-8"?>
<!-- Generated by org.testng.reporters.JUnitReportReporter -->
<testsuite hostname="LAPTOP-UEETHQBE" failures="0" tests="1" name="testCases.TC001_AccountRegistrationTest" time="2.950" errors="0" timestamp="2024-09-08T15:08:47 CDT" skipped="0">
  <testcase classname="testCases.TC001_AccountRegistrationTest" name="verify_account_registration" time="2.950"/>
</testsuite> <!-- testCases.TC001_AccountRegistrationTest -->
