<?xml version="1.0" encoding="UTF-8"?>
<!-- Generated by org.testng.reporters.JUnitReportReporter -->
<testsuite hostname="LAPTOP-UEETHQBE" failures="0" tests="6" name="testCases.TC003_LoginDDT" time="72.259" errors="0" timestamp="2024-09-06T09:21:10 CDT" skipped="0">
  <testcase classname="testCases.TC003_LoginDDT" name="verify_loginDDT" time="14.564"/>
  <testcase classname="testCases.TC003_LoginDDT" name="verify_loginDDT" time="15.048"/>
  <testcase classname="testCases.TC003_LoginDDT" name="verify_loginDDT" time="14.848"/>
  <testcase classname="testCases.TC003_LoginDDT" name="verify_loginDDT" time="6.143"/>
  <testcase classname="testCases.TC003_LoginDDT" name="verify_loginDDT" time="6.857"/>
  <testcase classname="testCases.TC003_LoginDDT" name="verify_loginDDT" time="14.799"/>
</testsuite> <!-- testCases.TC003_LoginDDT -->
