<?xml version="1.0" encoding="UTF-8"?>
<!-- Generated by org.testng.reporters.JUnitReportReporter -->
<testsuite hostname="LAPTOP-UEETHQBE" failures="0" tests="1" name="testCases.TC002_Logintest" time="2.179" errors="0" timestamp="2024-09-08T15:08:47 CDT" skipped="0">
  <testcase classname="testCases.TC002_Logintest" name="Login" time="2.179"/>
</testsuite> <!-- testCases.TC002_Logintest -->
