<?xml version="1.0" encoding="UTF-8"?>
<!-- Generated by org.testng.reporters.JUnitReportReporter -->
<testsuite hostname="LAPTOP-UEETHQBE" failures="0" tests="1" name="testCases.TC002_Logintest" time="1.977" errors="0" timestamp="2024-09-09T16:29:54 CDT" skipped="0">
  <testcase classname="testCases.TC002_Logintest" name="Login" time="1.977"/>
</testsuite> <!-- testCases.TC002_Logintest -->
